Using pre-set license
Built from '2021.3/staging' branch; Version is '2021.3.13f1 (9e7d58001ecf) revision 10386776'; Using compiler version '192829333'; Build Type 'Release'
OS: 'Windows 10  (10.0.19044) 64bit Professional' Language: 'ko' Physical Memory: 16318 MB
BatchMode: 1, IsHumanControllingUs: 0, StartBugReporterOnCrash: 0, Is64bit: 1, IsPro: 1

COMMAND LINE ARGUMENTS:
E:\Programs\Unity\Hub\Editor\2021.3.13f1\Editor\Unity.exe
-adb2
-batchMode
-noUpm
-name
AssetImportWorker0
-projectPath
D:/portfolio/IsometricTCG/Prototype
-logFile
Logs/AssetImportWorker0.log
-srvPort
3142
Successfully changed project path to: D:/portfolio/IsometricTCG/Prototype
D:/portfolio/IsometricTCG/Prototype
[UnityMemory] Configuration Parameters - Can be set up in boot.config
    "memorysetup-bucket-allocator-granularity=16"
    "memorysetup-bucket-allocator-bucket-count=8"
    "memorysetup-bucket-allocator-block-size=33554432"
    "memorysetup-bucket-allocator-block-count=8"
    "memorysetup-main-allocator-block-size=16777216"
    "memorysetup-thread-allocator-block-size=16777216"
    "memorysetup-gfx-main-allocator-block-size=16777216"
    "memorysetup-gfx-thread-allocator-block-size=16777216"
    "memorysetup-cache-allocator-block-size=4194304"
    "memorysetup-typetree-allocator-block-size=2097152"
    "memorysetup-profiler-bucket-allocator-granularity=16"
    "memorysetup-profiler-bucket-allocator-bucket-count=8"
    "memorysetup-profiler-bucket-allocator-block-size=33554432"
    "memorysetup-profiler-bucket-allocator-block-count=8"
    "memorysetup-profiler-allocator-block-size=16777216"
    "memorysetup-profiler-editor-allocator-block-size=1048576"
    "memorysetup-temp-allocator-size-main=16777216"
    "memorysetup-job-temp-allocator-block-size=2097152"
    "memorysetup-job-temp-allocator-block-size-background=1048576"
    "memorysetup-job-temp-allocator-reduction-small-platforms=262144"
    "memorysetup-temp-allocator-size-background-worker=32768"
    "memorysetup-temp-allocator-size-job-worker=262144"
    "memorysetup-temp-allocator-size-preload-manager=33554432"
    "memorysetup-temp-allocator-size-nav-mesh-worker=65536"
    "memorysetup-temp-allocator-size-audio-worker=65536"
    "memorysetup-temp-allocator-size-cloud-worker=32768"
    "memorysetup-temp-allocator-size-gi-baking-worker=262144"
    "memorysetup-temp-allocator-size-gfx=262144"
Refreshing native plugins compatible for Editor in 117.66 ms, found 4 plugins.
Preloading 0 native plugins for Editor in 0.00 ms.
Initialize engine version: 2021.3.13f1 (9e7d58001ecf)
[Subsystems] Discovering subsystems at path E:/Programs/Unity/Hub/Editor/2021.3.13f1/Editor/Data/Resources/UnitySubsystems
[Subsystems] Discovering subsystems at path D:/portfolio/IsometricTCG/Prototype/Assets
GfxDevice: creating device client; threaded=0; jobified=0
Direct3D:
    Version:  Direct3D 11.0 [level 11.1]
    Renderer: NVIDIA GeForce RTX 2080 (ID=0x1e87)
    Vendor:   NVIDIA
    VRAM:     8001 MB
    Driver:   31.0.15.2824
Initialize mono
Mono path[0] = 'E:/Programs/Unity/Hub/Editor/2021.3.13f1/Editor/Data/Managed'
Mono path[1] = 'E:/Programs/Unity/Hub/Editor/2021.3.13f1/Editor/Data/MonoBleedingEdge/lib/mono/unityjit-win32'
Mono config path = 'E:/Programs/Unity/Hub/Editor/2021.3.13f1/Editor/Data/MonoBleedingEdge/etc'
Using monoOptions --debugger-agent=transport=dt_socket,embedding=1,server=y,suspend=n,address=127.0.0.1:56460
Begin MonoManager ReloadAssembly
Registering precompiled unity dll's ...
Register platform support module: E:/Programs/Unity/Hub/Editor/2021.3.13f1/Editor/Data/PlaybackEngines/AndroidPlayer/UnityEditor.Android.Extensions.dll
Register platform support module: E:/Programs/Unity/Hub/Editor/2021.3.13f1/Editor/Data/PlaybackEngines/iOSSupport/UnityEditor.iOS.Extensions.dll
Register platform support module: E:/Programs/Unity/Hub/Editor/2021.3.13f1/Editor/Data/PlaybackEngines/WindowsStandaloneSupport/UnityEditor.WindowsStandalone.Extensions.dll
Registered in 0.004732 seconds.
Native extension for WindowsStandalone target not found
[usbmuxd] Start listen thread
[usbmuxd] Listen thread started
[usbmuxd] Send listen message
Native extension for iOS target not found
Native extension for Android target not found
Refreshing native plugins compatible for Editor in 124.08 ms, found 4 plugins.
Preloading 0 native plugins for Editor in 0.00 ms.
Mono: successfully reloaded assembly
- Completed reload, in  0.726 seconds
Domain Reload Profiling:
	ReloadAssembly (726ms)
		BeginReloadAssembly (82ms)
			ExecutionOrderSort (0ms)
			DisableScriptedObjects (0ms)
			BackupInstance (0ms)
			ReleaseScriptingObjects (0ms)
			CreateAndSetChildDomain (1ms)
		EndReloadAssembly (527ms)
			LoadAssemblies (83ms)
			RebuildTransferFunctionScriptingTraits (0ms)
			SetupTypeCache (104ms)
			ReleaseScriptCaches (0ms)
			RebuildScriptCaches (31ms)
			SetupLoadedEditorAssemblies (343ms)
				LogAssemblyErrors (0ms)
				InitializePlatformSupportModulesInManaged (61ms)
				SetLoadedEditorAssemblies (0ms)
				RefreshPlugins (124ms)
				BeforeProcessingInitializeOnLoad (1ms)
				ProcessInitializeOnLoadAttributes (94ms)
				ProcessInitializeOnLoadMethodAttributes (62ms)
				AfterProcessingInitializeOnLoad (0ms)
				EditorAssembliesLoaded (0ms)
			ExecutionOrderSort2 (0ms)
			AwakeInstancesAfterBackupRestoration (0ms)
Platform modules already initialized, skipping
Registering precompiled user dll's ...
Registered in 0.008768 seconds.
Begin MonoManager ReloadAssembly
Symbol file LoadedFromMemory doesn't match image D:\portfolio\IsometricTCG\Prototype\Library\PackageCache\com.unity.visualscripting@1.7.8\Editor\VisualScripting.Core\Dependencies\YamlDotNet\Unity.VisualScripting.YamlDotNet.dll
Symbol file LoadedFromMemory doesn't match image D:\portfolio\IsometricTCG\Prototype\Library\PackageCache\com.unity.visualscripting@1.7.8\Editor\VisualScripting.Core\Dependencies\DotNetZip\Unity.VisualScripting.IonicZip.dll
Native extension for WindowsStandalone target not found
Native extension for iOS target not found
Native extension for Android target not found
Refreshing native plugins compatible for Editor in 116.46 ms, found 4 plugins.
Preloading 0 native plugins for Editor in 0.00 ms.
Mono: successfully reloaded assembly
- Completed reload, in  1.530 seconds
Domain Reload Profiling:
	ReloadAssembly (1531ms)
		BeginReloadAssembly (235ms)
			ExecutionOrderSort (0ms)
			DisableScriptedObjects (7ms)
			BackupInstance (0ms)
			ReleaseScriptingObjects (0ms)
			CreateAndSetChildDomain (133ms)
		EndReloadAssembly (1186ms)
			LoadAssemblies (116ms)
			RebuildTransferFunctionScriptingTraits (0ms)
			SetupTypeCache (281ms)
			ReleaseScriptCaches (1ms)
			RebuildScriptCaches (74ms)
			SetupLoadedEditorAssemblies (667ms)
				LogAssemblyErrors (0ms)
				InitializePlatformSupportModulesInManaged (19ms)
				SetLoadedEditorAssemblies (0ms)
				RefreshPlugins (117ms)
				BeforeProcessingInitializeOnLoad (122ms)
				ProcessInitializeOnLoadAttributes (285ms)
				ProcessInitializeOnLoadMethodAttributes (122ms)
				AfterProcessingInitializeOnLoad (3ms)
				EditorAssembliesLoaded (0ms)
			ExecutionOrderSort2 (0ms)
			AwakeInstancesAfterBackupRestoration (16ms)
Platform modules already initialized, skipping
========================================================================
Worker process is ready to serve import requests
Launched and connected shader compiler UnityShaderCompiler.exe after 0.06 seconds
Refreshing native plugins compatible for Editor in 1.32 ms, found 4 plugins.
Preloading 0 native plugins for Editor in 0.00 ms.
Unloading 5528 Unused Serialized files (Serialized files now loaded: 0)
Unloading 58 unused Assets / (1.2 MB). Loaded Objects now: 5967.
Memory consumption went from 216.8 MB to 215.5 MB.
Total: 4.792100 ms (FindLiveObjects: 0.692100 ms CreateObjectMapping: 0.167200 ms MarkObjects: 3.348000 ms  DeleteObjects: 0.583600 ms)

AssetImportParameters requested are different than current active one (requested -> active):
  custom:video-decoder-ogg-theora: a1e56fd34408186e4bbccfd4996cb3dc -> 
  custom:container-muxer-webm: aa71ff27fc2769a1b78a27578f13a17b -> 
  custom:container-demuxer-webm: 4f35f7cbe854078d1ac9338744f61a02 -> 
  custom:video-encoder-webm-vp8: eb34c28f22e8b96e1ab97ce403110664 -> 
  custom:audio-encoder-webm-vorbis: bf7c407c2cedff20999df2af8eb42d56 -> 
  custom:framework-win-MediaFoundation: 216162199b28c13a410421893ffa2e32 -> 
  custom:container-demuxer-ogg: 62fdf1f143b41e24485cea50d1cbac27 -> 
  custom:video-decoder-webm-vp8: 9c59270c3fd7afecdb556c50c9e8de78 -> 
  custom:audio-decoder-ogg-vorbis: bf7c407c2cedff20999df2af8eb42d56 -> 
========================================================================
Received Import Request.
  Time since last request: 2108.113041 seconds.
  path: Assets/Prefab/Player.prefab
  artifactKey: Guid(a41ac52616fd8ee4285438dcae3bdb90) Importer(815301076,1909f56bfc062723c751e8b465ee728b)
Start importing Assets/Prefab/Player.prefab using Guid(a41ac52616fd8ee4285438dcae3bdb90) Importer(815301076,1909f56bfc062723c751e8b465ee728b)  -> (artifact id: '092f01435d666f3d877d0bbd57a54de6') in 0.290613 seconds 
========================================================================
Received Import Request.
  Time since last request: 4.533875 seconds.
  path: Assets/Prefab/Card.prefab
  artifactKey: Guid(a600c9fdbe17afc4fac2b4173cace894) Importer(815301076,1909f56bfc062723c751e8b465ee728b)
Start importing Assets/Prefab/Card.prefab using Guid(a600c9fdbe17afc4fac2b4173cace894) Importer(815301076,1909f56bfc062723c751e8b465ee728b)  -> (artifact id: 'cb1472bcdb48184e556db998efad0094') in 0.226546 seconds 
========================================================================
Received Import Request.
  Time since last request: 2.803953 seconds.
  path: Assets/Prefab/Card.prefab
  artifactKey: Guid(a600c9fdbe17afc4fac2b4173cace894) Importer(815301076,1909f56bfc062723c751e8b465ee728b)
Start importing Assets/Prefab/Card.prefab using Guid(a600c9fdbe17afc4fac2b4173cace894) Importer(815301076,1909f56bfc062723c751e8b465ee728b)  -> (artifact id: 'a57d7f00d6af7457d7e94feab1a6cb3f') in 0.168423 seconds 
========================================================================
Received Import Request.
  Time since last request: 3.342158 seconds.
  path: Assets/Prefab/Card.prefab
  artifactKey: Guid(a600c9fdbe17afc4fac2b4173cace894) Importer(815301076,1909f56bfc062723c751e8b465ee728b)
Start importing Assets/Prefab/Card.prefab using Guid(a600c9fdbe17afc4fac2b4173cace894) Importer(815301076,1909f56bfc062723c751e8b465ee728b)  -> (artifact id: '2be42c0b5948802a8766e1282e5ee6cc') in 0.165114 seconds 
========================================================================
Received Import Request.
  Time since last request: 1.640705 seconds.
  path: Assets/Prefab/Card.prefab
  artifactKey: Guid(a600c9fdbe17afc4fac2b4173cace894) Importer(815301076,1909f56bfc062723c751e8b465ee728b)
Start importing Assets/Prefab/Card.prefab using Guid(a600c9fdbe17afc4fac2b4173cace894) Importer(815301076,1909f56bfc062723c751e8b465ee728b)  -> (artifact id: 'a9cecf47347ec17c8125b61dcd739dc6') in 0.151372 seconds 
========================================================================
Received Import Request.
  Time since last request: 2.648558 seconds.
  path: Assets/Prefab/Card.prefab
  artifactKey: Guid(a600c9fdbe17afc4fac2b4173cace894) Importer(815301076,1909f56bfc062723c751e8b465ee728b)
Start importing Assets/Prefab/Card.prefab using Guid(a600c9fdbe17afc4fac2b4173cace894) Importer(815301076,1909f56bfc062723c751e8b465ee728b)  -> (artifact id: 'f6421e557a24a713950ca1663097fac7') in 0.154546 seconds 
========================================================================
Received Import Request.
  Time since last request: 14.263561 seconds.
  path: Assets/Prefab/Card.prefab
  artifactKey: Guid(a600c9fdbe17afc4fac2b4173cace894) Importer(815301076,1909f56bfc062723c751e8b465ee728b)
Start importing Assets/Prefab/Card.prefab using Guid(a600c9fdbe17afc4fac2b4173cace894) Importer(815301076,1909f56bfc062723c751e8b465ee728b)  -> (artifact id: '6cdf07a72473cd17767e043367cf5af3') in 0.156615 seconds 
========================================================================
Received Import Request.
  Time since last request: 3.687082 seconds.
  path: Assets/Prefab/Card.prefab
  artifactKey: Guid(a600c9fdbe17afc4fac2b4173cace894) Importer(815301076,1909f56bfc062723c751e8b465ee728b)
Start importing Assets/Prefab/Card.prefab using Guid(a600c9fdbe17afc4fac2b4173cace894) Importer(815301076,1909f56bfc062723c751e8b465ee728b)  -> (artifact id: '35def83e4347a94ae65c26121f6a7b7c') in 0.148633 seconds 
========================================================================
Received Import Request.
  Time since last request: 6.522102 seconds.
  path: Assets/Prefab/Card.prefab
  artifactKey: Guid(a600c9fdbe17afc4fac2b4173cace894) Importer(815301076,1909f56bfc062723c751e8b465ee728b)
Start importing Assets/Prefab/Card.prefab using Guid(a600c9fdbe17afc4fac2b4173cace894) Importer(815301076,1909f56bfc062723c751e8b465ee728b)  -> (artifact id: '6e9606c03e1707b59640e79d0d9045da') in 0.161587 seconds 
========================================================================
Received Import Request.
  Time since last request: 4.752872 seconds.
  path: Assets/Prefab/Card.prefab
  artifactKey: Guid(a600c9fdbe17afc4fac2b4173cace894) Importer(815301076,1909f56bfc062723c751e8b465ee728b)
Start importing Assets/Prefab/Card.prefab using Guid(a600c9fdbe17afc4fac2b4173cace894) Importer(815301076,1909f56bfc062723c751e8b465ee728b)  -> (artifact id: '102fd9c7f2822f42916c3baa11515d45') in 0.164517 seconds 
========================================================================
Received Import Request.
  Time since last request: 3.085039 seconds.
  path: Assets/Prefab/Card.prefab
  artifactKey: Guid(a600c9fdbe17afc4fac2b4173cace894) Importer(815301076,1909f56bfc062723c751e8b465ee728b)
Start importing Assets/Prefab/Card.prefab using Guid(a600c9fdbe17afc4fac2b4173cace894) Importer(815301076,1909f56bfc062723c751e8b465ee728b)  -> (artifact id: '52ae50dec512261852e9e3548254b293') in 0.162214 seconds 
========================================================================
Received Import Request.
  Time since last request: 4.199068 seconds.
  path: Assets/Prefab/Card.prefab
  artifactKey: Guid(a600c9fdbe17afc4fac2b4173cace894) Importer(815301076,1909f56bfc062723c751e8b465ee728b)
Start importing Assets/Prefab/Card.prefab using Guid(a600c9fdbe17afc4fac2b4173cace894) Importer(815301076,1909f56bfc062723c751e8b465ee728b)  -> (artifact id: '297610544c222e5c988978a3c5de9bc3') in 0.153662 seconds 
========================================================================
Received Import Request.
  Time since last request: 2.402633 seconds.
  path: Assets/Prefab/Card.prefab
  artifactKey: Guid(a600c9fdbe17afc4fac2b4173cace894) Importer(815301076,1909f56bfc062723c751e8b465ee728b)
Start importing Assets/Prefab/Card.prefab using Guid(a600c9fdbe17afc4fac2b4173cace894) Importer(815301076,1909f56bfc062723c751e8b465ee728b)  -> (artifact id: '450b3f16aa5c0dd0ac1e6cc25b1acb5b') in 0.162844 seconds 
========================================================================
Received Import Request.
  Time since last request: 1.046151 seconds.
  path: Assets/Prefab/Card.prefab
  artifactKey: Guid(a600c9fdbe17afc4fac2b4173cace894) Importer(815301076,1909f56bfc062723c751e8b465ee728b)
Start importing Assets/Prefab/Card.prefab using Guid(a600c9fdbe17afc4fac2b4173cace894) Importer(815301076,1909f56bfc062723c751e8b465ee728b)  -> (artifact id: '8156a3b6143ca48aa3a8256f24f076c5') in 0.154398 seconds 
========================================================================
Received Import Request.
  Time since last request: 9.969136 seconds.
  path: Assets/Prefab/Card.prefab
  artifactKey: Guid(a600c9fdbe17afc4fac2b4173cace894) Importer(815301076,1909f56bfc062723c751e8b465ee728b)
Start importing Assets/Prefab/Card.prefab using Guid(a600c9fdbe17afc4fac2b4173cace894) Importer(815301076,1909f56bfc062723c751e8b465ee728b)  -> (artifact id: '664614577e7ab88fd58eb7df8d78d709') in 0.148744 seconds 
========================================================================
Received Import Request.
  Time since last request: 4.103594 seconds.
  path: Assets/Prefab/Card.prefab
  artifactKey: Guid(a600c9fdbe17afc4fac2b4173cace894) Importer(815301076,1909f56bfc062723c751e8b465ee728b)
Start importing Assets/Prefab/Card.prefab using Guid(a600c9fdbe17afc4fac2b4173cace894) Importer(815301076,1909f56bfc062723c751e8b465ee728b)  -> (artifact id: 'f3cc2855135a65266a98e8c2e3704014') in 0.152312 seconds 
========================================================================
Received Import Request.
  Time since last request: 4.709534 seconds.
  path: Assets/Prefab/Card.prefab
  artifactKey: Guid(a600c9fdbe17afc4fac2b4173cace894) Importer(815301076,1909f56bfc062723c751e8b465ee728b)
Start importing Assets/Prefab/Card.prefab using Guid(a600c9fdbe17afc4fac2b4173cace894) Importer(815301076,1909f56bfc062723c751e8b465ee728b)  -> (artifact id: '40462675bcfc49de44a25a6ee3844db2') in 0.153249 seconds 
========================================================================
Received Import Request.
  Time since last request: 6.299149 seconds.
  path: Assets/Prefab/Card.prefab
  artifactKey: Guid(a600c9fdbe17afc4fac2b4173cace894) Importer(815301076,1909f56bfc062723c751e8b465ee728b)
Start importing Assets/Prefab/Card.prefab using Guid(a600c9fdbe17afc4fac2b4173cace894) Importer(815301076,1909f56bfc062723c751e8b465ee728b)  -> (artifact id: '9b67ee9714f74593ac04d2c0fa7fc7dd') in 0.148816 seconds 
========================================================================
Received Prepare
Registering precompiled user dll's ...
Registered in 0.009652 seconds.
Begin MonoManager ReloadAssembly
Symbol file LoadedFromMemory doesn't match image D:\portfolio\IsometricTCG\Prototype\Library\PackageCache\com.unity.visualscripting@1.7.8\Editor\VisualScripting.Core\Dependencies\YamlDotNet\Unity.VisualScripting.YamlDotNet.dll
Symbol file LoadedFromMemory doesn't match image D:\portfolio\IsometricTCG\Prototype\Library\PackageCache\com.unity.visualscripting@1.7.8\Editor\VisualScripting.Core\Dependencies\DotNetZip\Unity.VisualScripting.IonicZip.dll
Native extension for WindowsStandalone target not found
Native extension for iOS target not found
Native extension for Android target not found
Refreshing native plugins compatible for Editor in 1.81 ms, found 4 plugins.
Preloading 0 native plugins for Editor in 0.00 ms.
Mono: successfully reloaded assembly
- Completed reload, in  1.452 seconds
Domain Reload Profiling:
	ReloadAssembly (1453ms)
		BeginReloadAssembly (155ms)
			ExecutionOrderSort (0ms)
			DisableScriptedObjects (9ms)
			BackupInstance (0ms)
			ReleaseScriptingObjects (0ms)
			CreateAndSetChildDomain (49ms)
		EndReloadAssembly (1197ms)
			LoadAssemblies (122ms)
			RebuildTransferFunctionScriptingTraits (0ms)
			SetupTypeCache (264ms)
			ReleaseScriptCaches (2ms)
			RebuildScriptCaches (61ms)
			SetupLoadedEditorAssemblies (470ms)
				LogAssemblyErrors (0ms)
				InitializePlatformSupportModulesInManaged (35ms)
				SetLoadedEditorAssemblies (1ms)
				RefreshPlugins (2ms)
				BeforeProcessingInitializeOnLoad (101ms)
				ProcessInitializeOnLoadAttributes (235ms)
				ProcessInitializeOnLoadMethodAttributes (90ms)
				AfterProcessingInitializeOnLoad (4ms)
				EditorAssembliesLoaded (0ms)
			ExecutionOrderSort2 (0ms)
			AwakeInstancesAfterBackupRestoration (28ms)
Platform modules already initialized, skipping
Refreshing native plugins compatible for Editor in 3.08 ms, found 4 plugins.
Preloading 0 native plugins for Editor in 0.00 ms.
Unloading 5405 Unused Serialized files (Serialized files now loaded: 0)
Unloading 45 unused Assets / (1.2 MB). Loaded Objects now: 6022.
Memory consumption went from 214.6 MB to 213.4 MB.
Total: 4.914700 ms (FindLiveObjects: 0.799100 ms CreateObjectMapping: 0.165100 ms MarkObjects: 3.356800 ms  DeleteObjects: 0.592000 ms)

AssetImportParameters requested are different than current active one (requested -> active):
  custom:video-decoder-ogg-theora: a1e56fd34408186e4bbccfd4996cb3dc -> 
  custom:container-muxer-webm: aa71ff27fc2769a1b78a27578f13a17b -> 
  custom:container-demuxer-webm: 4f35f7cbe854078d1ac9338744f61a02 -> 
  custom:video-encoder-webm-vp8: eb34c28f22e8b96e1ab97ce403110664 -> 
  custom:audio-encoder-webm-vorbis: bf7c407c2cedff20999df2af8eb42d56 -> 
  custom:framework-win-MediaFoundation: 216162199b28c13a410421893ffa2e32 -> 
  custom:container-demuxer-ogg: 62fdf1f143b41e24485cea50d1cbac27 -> 
  custom:video-decoder-webm-vp8: 9c59270c3fd7afecdb556c50c9e8de78 -> 
  custom:audio-decoder-ogg-vorbis: bf7c407c2cedff20999df2af8eb42d56 -> 
========================================================================
Received Prepare
Registering precompiled user dll's ...
Registered in 0.010589 seconds.
Begin MonoManager ReloadAssembly
Symbol file LoadedFromMemory doesn't match image D:\portfolio\IsometricTCG\Prototype\Library\PackageCache\com.unity.visualscripting@1.7.8\Editor\VisualScripting.Core\Dependencies\YamlDotNet\Unity.VisualScripting.YamlDotNet.dll
Symbol file LoadedFromMemory doesn't match image D:\portfolio\IsometricTCG\Prototype\Library\PackageCache\com.unity.visualscripting@1.7.8\Editor\VisualScripting.Core\Dependencies\DotNetZip\Unity.VisualScripting.IonicZip.dll
Native extension for WindowsStandalone target not found
Native extension for iOS target not found
Native extension for Android target not found
Refreshing native plugins compatible for Editor in 1.87 ms, found 4 plugins.
Preloading 0 native plugins for Editor in 0.00 ms.
Mono: successfully reloaded assembly
- Completed reload, in  2.376 seconds
Domain Reload Profiling:
	ReloadAssembly (2377ms)
		BeginReloadAssembly (319ms)
			ExecutionOrderSort (0ms)
			DisableScriptedObjects (22ms)
			BackupInstance (0ms)
			ReleaseScriptingObjects (0ms)
			CreateAndSetChildDomain (90ms)
		EndReloadAssembly (1926ms)
			LoadAssemblies (222ms)
			RebuildTransferFunctionScriptingTraits (0ms)
			SetupTypeCache (516ms)
			ReleaseScriptCaches (2ms)
			RebuildScriptCaches (64ms)
			SetupLoadedEditorAssemblies (441ms)
				LogAssemblyErrors (0ms)
				InitializePlatformSupportModulesInManaged (27ms)
				SetLoadedEditorAssemblies (1ms)
				RefreshPlugins (2ms)
				BeforeProcessingInitializeOnLoad (94ms)
				ProcessInitializeOnLoadAttributes (225ms)
				ProcessInitializeOnLoadMethodAttributes (89ms)
				AfterProcessingInitializeOnLoad (3ms)
				EditorAssembliesLoaded (0ms)
			ExecutionOrderSort2 (0ms)
			AwakeInstancesAfterBackupRestoration (23ms)
Platform modules already initialized, skipping
